Flow report for myESystem
Fri Sep 27 10:37:40 2013
Quartus II 64-Bit Version 10.1 Build 197 01/19/2011 Service Pack 1 SJ Full Version


---------------------
; Table of Contents ;
---------------------
  1. Legal Notice
  2. Flow Summary
  3. Flow Settings
  4. Flow Non-Default Global Settings
  5. Flow Elapsed Time
  6. Flow OS Summary
  7. Flow Log



----------------
; Legal Notice ;
----------------
Copyright (C) 1991-2011 Altera Corporation
Your use of Altera Corporation's design tools, logic functions 
and other software and tools, and its AMPP partner logic 
functions, and any output files from any of the foregoing 
(including device programming or simulation files), and any 
associated documentation or information are expressly subject 
to the terms and conditions of the Altera Program License 
Subscription Agreement, Altera MegaCore Function License 
Agreement, or other applicable license agreement, including, 
without limitation, that your use is for the sole purpose of 
programming logic devices manufactured by Altera and sold by 
Altera or its authorized distributors.  Please refer to the 
applicable agreement for further details.



+-------------------------------------------------------------------------------------+
; Flow Summary                                                                        ;
+------------------------------------+------------------------------------------------+
; Flow Status                        ; Successful - Fri Sep 27 10:37:39 2013          ;
; Quartus II 64-Bit Version          ; 10.1 Build 197 01/19/2011 SP 1 SJ Full Version ;
; Revision Name                      ; myESystem                                      ;
; Top-level Entity Name              ; myESystem                                      ;
; Family                             ; Cyclone II                                     ;
; Device                             ; EP2C35F672C6                                   ;
; Timing Models                      ; Final                                          ;
; Total logic elements               ; 3,193 / 33,216 ( 10 % )                        ;
;     Total combinational functions  ; 2,918 / 33,216 ( 9 % )                         ;
;     Dedicated logic registers      ; 1,890 / 33,216 ( 6 % )                         ;
; Total registers                    ; 1958                                           ;
; Total pins                         ; 161 / 475 ( 34 % )                             ;
; Total virtual pins                 ; 0                                              ;
; Total memory bits                  ; 46,720 / 483,840 ( 10 % )                      ;
; Embedded Multiplier 9-bit elements ; 0 / 70 ( 0 % )                                 ;
; Total PLLs                         ; 1 / 4 ( 25 % )                                 ;
+------------------------------------+------------------------------------------------+


+-----------------------------------------+
; Flow Settings                           ;
+-------------------+---------------------+
; Option            ; Setting             ;
+-------------------+---------------------+
; Start date & time ; 09/27/2013 10:35:50 ;
; Main task         ; Compilation         ;
; Revision Name     ; myESystem           ;
+-------------------+---------------------+


+------------------------------------------------------------------------------------------------------------------+
; Flow Non-Default Global Settings                                                                                 ;
+-------------------------------------+---------------------------------+---------------+-------------+------------+
; Assignment Name                     ; Value                           ; Default Value ; Entity Name ; Section Id ;
+-------------------------------------+---------------------------------+---------------+-------------+------------+
; COMPILER_SIGNATURE_ID               ; 220314655609051.138029255004772 ; --            ; --          ; --         ;
; IP_TOOL_NAME                        ; ALTPLL                          ; --            ; --          ; --         ;
; IP_TOOL_VERSION                     ; 10.1                            ; --            ; --          ; --         ;
; MAX_CORE_JUNCTION_TEMP              ; 85                              ; --            ; --          ; --         ;
; MIN_CORE_JUNCTION_TEMP              ; 0                               ; --            ; --          ; --         ;
; MISC_FILE                           ; sdram_pll.bsf                   ; --            ; --          ; --         ;
; MISC_FILE                           ; sdram_pll.cmp                   ; --            ; --          ; --         ;
; MISC_FILE                           ; sdram_pll.ppf                   ; --            ; --          ; --         ;
; PARTITION_COLOR                     ; 16764057                        ; --            ; --          ; Top        ;
; PARTITION_FITTER_PRESERVATION_LEVEL ; PLACEMENT_AND_ROUTING           ; --            ; --          ; Top        ;
; PARTITION_NETLIST_TYPE              ; SOURCE                          ; --            ; --          ; Top        ;
; SOPC_BUILDER_SIGNATURE_ID           ; 08606E7A79DA0000014137500F67    ; --            ; --          ; --         ;
+-------------------------------------+---------------------------------+---------------+-------------+------------+


+-------------------------------------------------------------------------------------------------------------------------------+
; Flow Elapsed Time                                                                                                             ;
+---------------------------+--------------+-------------------------+---------------------+------------------------------------+
; Module Name               ; Elapsed Time ; Average Processors Used ; Peak Virtual Memory ; Total CPU Time (on all processors) ;
+---------------------------+--------------+-------------------------+---------------------+------------------------------------+
; Analysis & Synthesis      ; 00:00:58     ; 1.0                     ; 465 MB              ; 00:00:24                           ;
; Fitter                    ; 00:00:19     ; 1.3                     ; 495 MB              ; 00:00:15                           ;
; Assembler                 ; 00:00:08     ; 1.0                     ; 376 MB              ; 00:00:02                           ;
; TimeQuest Timing Analyzer ; 00:00:10     ; 1.3                     ; 397 MB              ; 00:00:04                           ;
; Total                     ; 00:01:35     ; --                      ; --                  ; 00:00:45                           ;
+---------------------------+--------------+-------------------------+---------------------+------------------------------------+


+----------------------------------------------------------------------------------------+
; Flow OS Summary                                                                        ;
+---------------------------+------------------+-----------+------------+----------------+
; Module Name               ; Machine Hostname ; OS Name   ; OS Version ; Processor type ;
+---------------------------+------------------+-----------+------------+----------------+
; Analysis & Synthesis      ; ece-rtos13       ; Windows 7 ; 6.1        ; x86_64         ;
; Fitter                    ; ece-rtos13       ; Windows 7 ; 6.1        ; x86_64         ;
; Assembler                 ; ece-rtos13       ; Windows 7 ; 6.1        ; x86_64         ;
; TimeQuest Timing Analyzer ; ece-rtos13       ; Windows 7 ; 6.1        ; x86_64         ;
+---------------------------+------------------+-----------+------------+----------------+


------------
; Flow Log ;
------------
quartus_map --read_settings_files=on --write_settings_files=off myESystem -c myESystem
quartus_fit --read_settings_files=off --write_settings_files=off myESystem -c myESystem
quartus_asm --read_settings_files=off --write_settings_files=off myESystem -c myESystem
quartus_sta myESystem -c myESystem



